[0630/213445.526:INFO:CONSOLE(21172)] "THREE.WebGLRenderer 92", source: file:///C:/Program%20Files/AnyLogic%208.9%20Personal%20Learning%20Edition/plugins/com.anylogic.graphics3d_8.9.4.202503101134/static/build/three.js (21172)
[0630/213446.337:INFO:CONSOLE(3660)] "THREE.ColladaLoader: File version 1.4.0", source: file:///C:/Program%20Files/AnyLogic%208.9%20Personal%20Learning%20Edition/plugins/com.anylogic.graphics3d_8.9.4.202503101134/static/libs/ColladaLoader.js (3660)
[0630/213446.354:INFO:CONSOLE(255)] "Loaded: file:C:/Users/cesar/Documents/Simulación/Cafeteria/3d/person.dae", source: file:///C:/Program%20Files/AnyLogic%208.9%20Personal%20Learning%20Edition/plugins/com.anylogic.graphics3d_8.9.4.202503101134/static/init.js (255)
[0630/213446.354:INFO:CONSOLE(271)] "load end: file:C:/Users/cesar/Documents/Simulación/Cafeteria/3d/person.dae", source: file:///C:/Program%20Files/AnyLogic%208.9%20Personal%20Learning%20Edition/plugins/com.anylogic.graphics3d_8.9.4.202503101134/static/init.js (271)
[0630/213644.646:ERROR:gpu_init.cc(523)] Passthrough is not supported, GL is disabled, ANGLE is 
[0630/213920.061:INFO:CONSOLE(3660)] "THREE.ColladaLoader: File version 1.4.0", source: file:///C:/Program%20Files/AnyLogic%208.9%20Personal%20Learning%20Edition/plugins/com.anylogic.graphics3d_8.9.4.202503101134/static/libs/ColladaLoader.js (3660)
[0630/213920.065:INFO:CONSOLE(255)] "Loaded: file:C:/Users/cesar/Documents/Simulación/Cafeteria/3d/cash_desk.dae", source: file:///C:/Program%20Files/AnyLogic%208.9%20Personal%20Learning%20Edition/plugins/com.anylogic.graphics3d_8.9.4.202503101134/static/init.js (255)
[0630/213920.065:INFO:CONSOLE(271)] "load end: file:C:/Users/cesar/Documents/Simulación/Cafeteria/3d/cash_desk.dae", source: file:///C:/Program%20Files/AnyLogic%208.9%20Personal%20Learning%20Edition/plugins/com.anylogic.graphics3d_8.9.4.202503101134/static/init.js (271)
[0630/214226.872:INFO:CONSOLE(21172)] "THREE.WebGLRenderer 92", source: file:///C:/Program%20Files/AnyLogic%208.9%20Personal%20Learning%20Edition/plugins/com.anylogic.graphics3d_8.9.4.202503101134/static/build/three.js (21172)
[0630/214227.706:INFO:CONSOLE(3660)] "THREE.ColladaLoader: File version 1.4.0", source: file:///C:/Program%20Files/AnyLogic%208.9%20Personal%20Learning%20Edition/plugins/com.anylogic.graphics3d_8.9.4.202503101134/static/libs/ColladaLoader.js (3660)
[0630/214227.720:INFO:CONSOLE(255)] "Loaded: file:C:/Users/cesar/Documents/Simulación/Cafeteria/3d/cash_desk.dae", source: file:///C:/Program%20Files/AnyLogic%208.9%20Personal%20Learning%20Edition/plugins/com.anylogic.graphics3d_8.9.4.202503101134/static/init.js (255)
[0630/214227.720:INFO:CONSOLE(271)] "load end: file:C:/Users/cesar/Documents/Simulación/Cafeteria/3d/cash_desk.dae", source: file:///C:/Program%20Files/AnyLogic%208.9%20Personal%20Learning%20Edition/plugins/com.anylogic.graphics3d_8.9.4.202503101134/static/init.js (271)
[0630/214233.508:INFO:CONSOLE(3660)] "THREE.ColladaLoader: File version 1.4.0", source: file:///C:/Program%20Files/AnyLogic%208.9%20Personal%20Learning%20Edition/plugins/com.anylogic.graphics3d_8.9.4.202503101134/static/libs/ColladaLoader.js (3660)
[0630/214233.525:INFO:CONSOLE(255)] "Loaded: file:C:/Users/cesar/Documents/Simulación/Cafeteria/3d/person.dae", source: file:///C:/Program%20Files/AnyLogic%208.9%20Personal%20Learning%20Edition/plugins/com.anylogic.graphics3d_8.9.4.202503101134/static/init.js (255)
[0630/214233.526:INFO:CONSOLE(271)] "load end: file:C:/Users/cesar/Documents/Simulación/Cafeteria/3d/person.dae", source: file:///C:/Program%20Files/AnyLogic%208.9%20Personal%20Learning%20Edition/plugins/com.anylogic.graphics3d_8.9.4.202503101134/static/init.js (271)
[0630/214425.988:ERROR:gpu_init.cc(523)] Passthrough is not supported, GL is disabled, ANGLE is 
[0630/230939.868:INFO:CONSOLE(21172)] "THREE.WebGLRenderer 92", source: file:///C:/Program%20Files/AnyLogic%208.9%20Personal%20Learning%20Edition/plugins/com.anylogic.graphics3d_8.9.4.202503101134/static/build/three.js (21172)
[0630/230940.693:INFO:CONSOLE(3660)] "THREE.ColladaLoader: File version 1.4.0", source: file:///C:/Program%20Files/AnyLogic%208.9%20Personal%20Learning%20Edition/plugins/com.anylogic.graphics3d_8.9.4.202503101134/static/libs/ColladaLoader.js (3660)
[0630/230940.708:INFO:CONSOLE(255)] "Loaded: file:C:/Users/cesar/Documents/Simulación/Cafeteria/3d/cash_desk.dae", source: file:///C:/Program%20Files/AnyLogic%208.9%20Personal%20Learning%20Edition/plugins/com.anylogic.graphics3d_8.9.4.202503101134/static/init.js (255)
[0630/230940.708:INFO:CONSOLE(271)] "load end: file:C:/Users/cesar/Documents/Simulación/Cafeteria/3d/cash_desk.dae", source: file:///C:/Program%20Files/AnyLogic%208.9%20Personal%20Learning%20Edition/plugins/com.anylogic.graphics3d_8.9.4.202503101134/static/init.js (271)
[0630/230946.779:INFO:CONSOLE(3660)] "THREE.ColladaLoader: File version 1.4.0", source: file:///C:/Program%20Files/AnyLogic%208.9%20Personal%20Learning%20Edition/plugins/com.anylogic.graphics3d_8.9.4.202503101134/static/libs/ColladaLoader.js (3660)
[0630/230946.807:INFO:CONSOLE(255)] "Loaded: file:C:/Users/cesar/Documents/Simulación/Cafeteria/3d/person.dae", source: file:///C:/Program%20Files/AnyLogic%208.9%20Personal%20Learning%20Edition/plugins/com.anylogic.graphics3d_8.9.4.202503101134/static/init.js (255)
[0630/230946.807:INFO:CONSOLE(271)] "load end: file:C:/Users/cesar/Documents/Simulación/Cafeteria/3d/person.dae", source: file:///C:/Program%20Files/AnyLogic%208.9%20Personal%20Learning%20Edition/plugins/com.anylogic.graphics3d_8.9.4.202503101134/static/init.js (271)
[0630/231138.241:ERROR:gpu_init.cc(523)] Passthrough is not supported, GL is disabled, ANGLE is 
[0630/231447.160:INFO:CONSOLE(21172)] "THREE.WebGLRenderer 92", source: file:///C:/Program%20Files/AnyLogic%208.9%20Personal%20Learning%20Edition/plugins/com.anylogic.graphics3d_8.9.4.202503101134/static/build/three.js (21172)
[0630/231447.983:INFO:CONSOLE(3660)] "THREE.ColladaLoader: File version 1.4.0", source: file:///C:/Program%20Files/AnyLogic%208.9%20Personal%20Learning%20Edition/plugins/com.anylogic.graphics3d_8.9.4.202503101134/static/libs/ColladaLoader.js (3660)
[0630/231448.003:INFO:CONSOLE(255)] "Loaded: file:C:/Users/cesar/Documents/Simulación/Cafeteria/3d/cash_desk.dae", source: file:///C:/Program%20Files/AnyLogic%208.9%20Personal%20Learning%20Edition/plugins/com.anylogic.graphics3d_8.9.4.202503101134/static/init.js (255)
[0630/231448.003:INFO:CONSOLE(271)] "load end: file:C:/Users/cesar/Documents/Simulación/Cafeteria/3d/cash_desk.dae", source: file:///C:/Program%20Files/AnyLogic%208.9%20Personal%20Learning%20Edition/plugins/com.anylogic.graphics3d_8.9.4.202503101134/static/init.js (271)
[0630/231448.346:INFO:CONSOLE(3660)] "THREE.ColladaLoader: File version 1.4.0", source: file:///C:/Program%20Files/AnyLogic%208.9%20Personal%20Learning%20Edition/plugins/com.anylogic.graphics3d_8.9.4.202503101134/static/libs/ColladaLoader.js (3660)
[0630/231448.366:INFO:CONSOLE(255)] "Loaded: file:C:/Users/cesar/Documents/Simulación/Cafeteria/3d/person.dae", source: file:///C:/Program%20Files/AnyLogic%208.9%20Personal%20Learning%20Edition/plugins/com.anylogic.graphics3d_8.9.4.202503101134/static/init.js (255)
[0630/231448.366:INFO:CONSOLE(271)] "load end: file:C:/Users/cesar/Documents/Simulación/Cafeteria/3d/person.dae", source: file:///C:/Program%20Files/AnyLogic%208.9%20Personal%20Learning%20Edition/plugins/com.anylogic.graphics3d_8.9.4.202503101134/static/init.js (271)
[0630/231627.398:INFO:CONSOLE(21172)] "THREE.WebGLRenderer 92", source: file:///C:/Program%20Files/AnyLogic%208.9%20Personal%20Learning%20Edition/plugins/com.anylogic.graphics3d_8.9.4.202503101134/static/build/three.js (21172)
[0630/231628.268:INFO:CONSOLE(3660)] "THREE.ColladaLoader: File version 1.4.0", source: file:///C:/Program%20Files/AnyLogic%208.9%20Personal%20Learning%20Edition/plugins/com.anylogic.graphics3d_8.9.4.202503101134/static/libs/ColladaLoader.js (3660)
[0630/231628.291:INFO:CONSOLE(255)] "Loaded: file:C:/Users/cesar/Documents/Simulación/Cafeteria/3d/cash_desk.dae", source: file:///C:/Program%20Files/AnyLogic%208.9%20Personal%20Learning%20Edition/plugins/com.anylogic.graphics3d_8.9.4.202503101134/static/init.js (255)
[0630/231628.291:INFO:CONSOLE(271)] "load end: file:C:/Users/cesar/Documents/Simulación/Cafeteria/3d/cash_desk.dae", source: file:///C:/Program%20Files/AnyLogic%208.9%20Personal%20Learning%20Edition/plugins/com.anylogic.graphics3d_8.9.4.202503101134/static/init.js (271)
[0630/231628.620:INFO:CONSOLE(3660)] "THREE.ColladaLoader: File version 1.4.0", source: file:///C:/Program%20Files/AnyLogic%208.9%20Personal%20Learning%20Edition/plugins/com.anylogic.graphics3d_8.9.4.202503101134/static/libs/ColladaLoader.js (3660)
[0630/231628.634:INFO:CONSOLE(255)] "Loaded: file:C:/Users/cesar/Documents/Simulación/Cafeteria/3d/person.dae", source: file:///C:/Program%20Files/AnyLogic%208.9%20Personal%20Learning%20Edition/plugins/com.anylogic.graphics3d_8.9.4.202503101134/static/init.js (255)
[0630/231628.635:INFO:CONSOLE(271)] "load end: file:C:/Users/cesar/Documents/Simulación/Cafeteria/3d/person.dae", source: file:///C:/Program%20Files/AnyLogic%208.9%20Personal%20Learning%20Edition/plugins/com.anylogic.graphics3d_8.9.4.202503101134/static/init.js (271)
[0630/232102.572:INFO:CONSOLE(21172)] "THREE.WebGLRenderer 92", source: file:///C:/Program%20Files/AnyLogic%208.9%20Personal%20Learning%20Edition/plugins/com.anylogic.graphics3d_8.9.4.202503101134/static/build/three.js (21172)
[0630/232103.424:INFO:CONSOLE(3660)] "THREE.ColladaLoader: File version 1.4.0", source: file:///C:/Program%20Files/AnyLogic%208.9%20Personal%20Learning%20Edition/plugins/com.anylogic.graphics3d_8.9.4.202503101134/static/libs/ColladaLoader.js (3660)
[0630/232103.445:INFO:CONSOLE(255)] "Loaded: file:C:/Users/cesar/Documents/Simulación/Cafeteria/3d/cash_desk.dae", source: file:///C:/Program%20Files/AnyLogic%208.9%20Personal%20Learning%20Edition/plugins/com.anylogic.graphics3d_8.9.4.202503101134/static/init.js (255)
[0630/232103.445:INFO:CONSOLE(271)] "load end: file:C:/Users/cesar/Documents/Simulación/Cafeteria/3d/cash_desk.dae", source: file:///C:/Program%20Files/AnyLogic%208.9%20Personal%20Learning%20Edition/plugins/com.anylogic.graphics3d_8.9.4.202503101134/static/init.js (271)
[0630/232103.777:INFO:CONSOLE(3660)] "THREE.ColladaLoader: File version 1.4.0", source: file:///C:/Program%20Files/AnyLogic%208.9%20Personal%20Learning%20Edition/plugins/com.anylogic.graphics3d_8.9.4.202503101134/static/libs/ColladaLoader.js (3660)
[0630/232103.795:INFO:CONSOLE(255)] "Loaded: file:C:/Users/cesar/Documents/Simulación/Cafeteria/3d/person.dae", source: file:///C:/Program%20Files/AnyLogic%208.9%20Personal%20Learning%20Edition/plugins/com.anylogic.graphics3d_8.9.4.202503101134/static/init.js (255)
[0630/232103.796:INFO:CONSOLE(271)] "load end: file:C:/Users/cesar/Documents/Simulación/Cafeteria/3d/person.dae", source: file:///C:/Program%20Files/AnyLogic%208.9%20Personal%20Learning%20Edition/plugins/com.anylogic.graphics3d_8.9.4.202503101134/static/init.js (271)
